<?xml version="1.0" encoding="UTF-8"?>
<testng-results ignored="0" total="1" passed="0" failed="1" skipped="0">
  <reporter-output>
  </reporter-output>
  <suite started-at="2023-03-30T12:53:53 IST" name="Regression Test Suite" finished-at="2023-03-30T12:53:55 IST" duration-ms="2207">
    <groups>
    </groups>
    <test started-at="2023-03-30T12:53:53 IST" name="Regression Test" finished-at="2023-03-30T12:53:55 IST" duration-ms="2207">
      <class name="com.sample.testcase.loginTestcase">
        <test-method is-config="true" signature="initialization()[pri:0, instance:com.sample.testcase.loginTestcase@31fa1761]" started-at="2023-03-30T12:53:49 IST" name="initialization" finished-at="2023-03-30T12:53:53 IST" duration-ms="3400" status="PASS">
          <reporter-output>
          </reporter-output>
        </test-method> <!-- initialization -->
        <test-method is-config="true" signature="gotoURL()[pri:0, instance:com.sample.testcase.loginTestcase@31fa1761]" started-at="2023-03-30T12:53:53 IST" name="gotoURL" finished-at="2023-03-30T12:53:54 IST" duration-ms="979" status="PASS">
          <reporter-output>
          </reporter-output>
        </test-method> <!-- gotoURL -->
        <test-method signature="loginUser()[pri:0, instance:com.sample.testcase.loginTestcase@31fa1761]" started-at="2023-03-30T12:53:54 IST" name="loginUser" finished-at="2023-03-30T12:53:54 IST" duration-ms="261" status="FAIL">
          <exception class="java.lang.NullPointerException">
            <message>
              <![CDATA[Cannot invoke "org.openqa.selenium.WebDriver.getCurrentUrl()" because the return value of "com.sample.config.ThreadLocalDriver.getDriver()" is null]]>
            </message>
            <full-stacktrace>
              <![CDATA[java.lang.NullPointerException: Cannot invoke "org.openqa.selenium.WebDriver.getCurrentUrl()" because the return value of "com.sample.config.ThreadLocalDriver.getDriver()" is null
at com.sample.testcase.loginTestcase.loginUser(loginTestcase.java:21)
at java.base/jdk.internal.reflect.DirectMethodHandleAccessor.invoke(DirectMethodHandleAccessor.java:104)
at java.base/java.lang.reflect.Method.invoke(Method.java:578)
at org.testng.internal.invokers.MethodInvocationHelper.invokeMethod(MethodInvocationHelper.java:139)
at org.testng.internal.invokers.TestInvoker.invokeMethod(TestInvoker.java:677)
at org.testng.internal.invokers.TestInvoker.invokeTestMethod(TestInvoker.java:221)
at org.testng.internal.invokers.MethodRunner.runInSequence(MethodRunner.java:50)
at org.testng.internal.invokers.TestInvoker$MethodInvocationAgent.invoke(TestInvoker.java:969)
at org.testng.internal.invokers.TestInvoker.invokeTestMethods(TestInvoker.java:194)
at org.testng.internal.invokers.TestMethodWorker.invokeTestMethods(TestMethodWorker.java:148)
at org.testng.internal.invokers.TestMethodWorker.run(TestMethodWorker.java:128)
at java.base/java.util.concurrent.ThreadPoolExecutor.runWorker(ThreadPoolExecutor.java:1144)
at java.base/java.util.concurrent.ThreadPoolExecutor$Worker.run(ThreadPoolExecutor.java:642)
at java.base/java.lang.Thread.run(Thread.java:1589)
]]>
            </full-stacktrace>
          </exception> <!-- java.lang.NullPointerException -->
          <reporter-output>
          </reporter-output>
        </test-method> <!-- loginUser -->
        <test-method is-config="true" signature="tearDown()[pri:0, instance:com.sample.testcase.loginTestcase@31fa1761]" started-at="2023-03-30T12:53:54 IST" name="tearDown" finished-at="2023-03-30T12:53:55 IST" duration-ms="721" status="PASS">
          <reporter-output>
          </reporter-output>
        </test-method> <!-- tearDown -->
        <test-method is-config="true" signature="generateConsolidatedReport()[pri:0, instance:com.sample.testcase.loginTestcase@31fa1761]" started-at="2023-03-30T12:53:56 IST" name="generateConsolidatedReport" finished-at="2023-03-30T12:53:56 IST" duration-ms="8" status="PASS">
          <reporter-output>
          </reporter-output>
        </test-method> <!-- generateConsolidatedReport -->
      </class> <!-- com.sample.testcase.loginTestcase -->
    </test> <!-- Regression Test -->
  </suite> <!-- Regression Test Suite -->
</testng-results>
