<?xml version="1.0" encoding="UTF-8"?>
<!-- Generated by org.testng.reporters.JUnitXMLReporter -->
<testsuite ignored="0" hostname="DIS-LAP-0298" failures="1" tests="1" name="Regression Test" time="2.207" errors="0" timestamp="2023-03-30T12:53:55 IST">
  <testcase classname="com.sample.testcase.loginTestcase" name="loginUser" time="0.261">
    <failure type="java.lang.NullPointerException" message="Cannot invoke &amp;quot;org.openqa.selenium.WebDriver.getCurrentUrl()&amp;quot; because the return value of &amp;quot;com.sample.config.ThreadLocalDriver.getDriver()&amp;quot; is null">
      <![CDATA[java.lang.NullPointerException: Cannot invoke "org.openqa.selenium.WebDriver.getCurrentUrl()" because the return value of "com.sample.config.ThreadLocalDriver.getDriver()" is null
at com.sample.testcase.loginTestcase.loginUser(loginTestcase.java:21)
at java.base/java.util.concurrent.ThreadPoolExecutor.runWorker(ThreadPoolExecutor.java:1144)
at java.base/java.util.concurrent.ThreadPoolExecutor$Worker.run(ThreadPoolExecutor.java:642)
at java.base/java.lang.Thread.run(Thread.java:1589)
... Removed 10 stack frames]]>
    </failure>
  </testcase> <!-- loginUser -->
</testsuite> <!-- Regression Test -->
